
> mlrc_apk@0.1.0 build
> next build

ÔÜá Warning: Next.js inferred your workspace root, but it may not be correct.
 We detected multiple lockfiles and selected the directory of C:\Users\mania\OneDrive\Pulpit\mlrc\package-lock.json as the root directory.
 To silence this warning, set `turbopack.root` in your Next.js config, or consider removing one of the lockfiles if it's not needed.
   See https://nextjs.org/docs/app/api-reference/config/next-config-js/turbopack#root-directory for more information.
 Detected additional lockfiles: 
   * C:\Users\mania\OneDrive\Pulpit\mlrc\mlrc_apk\package-lock.json

Ôľ▓ Next.js 16.1.1 (Turbopack)
- Environments: .env.local

  Creating an optimized production build ...
Ôťô Compiled successfully in 7.4s
  Running TypeScript ...
  Collecting page data using 7 workers ...
  Generating static pages using 7 workers (0/8) ...
  Generating static pages using 7 workers (2/8) 
  Generating static pages using 7 workers (4/8) 
  Generating static pages using 7 workers (6/8) 
Ôťô Generating static pages using 7 workers (8/8) in 908.0ms
  Finalizing page optimization ...

Route (app)
Ôöî ÔŚő /
Ôöť ÔŚő /_not-found
Ôöť ÔŚő /login
Ôöť ÔŚő /profile
Ôöť ÔŚő /results
Ôöö ÔŚő /wizard


ÔŚő  (Static)  prerendered as static content

